<?xml version="1.0" encoding="UTF-8"?>
<!-- Generated by org.testng.reporters.JUnitReportReporter -->
<testsuite hostname="RajuG" name="program.webele_actions" tests="2" failures="0" timestamp="14 Oct 2022 10:23:59 GMT" time="19.501" errors="0">
  <testcase name="testcase4" time="14.145" classname="program.webele_actions"/>
  <testcase name="testcase1" time="5.356" classname="program.webele_actions"/>
</testsuite> <!-- program.webele_actions -->
