<?xml version="1.0" encoding="UTF-8"?>
<!-- Generated by org.testng.reporters.JUnitReportReporter -->
<testsuite hostname="RajuG" name="program.selenium" tests="2" failures="0" timestamp="11 Oct 2022 15:16:35 GMT" time="42.754" errors="0">
  <testcase name="testcase1" time="4.482" classname="program.selenium"/>
  <testcase name="testcase2" time="38.272" classname="program.selenium"/>
</testsuite> <!-- program.selenium -->
