<?xml version="1.0" encoding="UTF-8"?>
<!-- Generated by org.testng.reporters.JUnitReportReporter -->
<testsuite hostname="RajuG" name="program.firstselenium" tests="1" failures="0" timestamp="10 Oct 2022 03:47:59 GMT" time="57.447" errors="0">
  <testcase name="testcase1" time="57.447" classname="program.firstselenium"/>
</testsuite> <!-- program.firstselenium -->
